<?xml version="1.0" encoding="UTF-8"?>
<!-- Generated by org.testng.reporters.JUnitReportReporter -->
<testsuite skipped="0" hostname="Pravin-PC" name="com.testing.Test1" tests="1" failures="0" timestamp="21 Mar 2019 10:40:31 GMT" time="0.012" errors="0">
  <testcase name="display" time="0.012" classname="com.testing.Test1"/>
</testsuite> <!-- com.testing.Test1 -->
