<?xml version="1.0" encoding="UTF-8"?>
<!-- Generated by org.testng.reporters.JUnitReportReporter -->
<testsuite skipped="0" hostname="Pravin-PC" name="com.qa.tests.CustomersFiltersTest" tests="3" failures="0" timestamp="22 Mar 2019 09:36:04 GMT" time="11.684" errors="0">
  <testcase name="customerOperations" time="6.298" classname="com.qa.tests.CustomersFiltersTest"/>
  <testcase name="searchUsersUsingDateFilter" time="1.929" classname="com.qa.tests.CustomersFiltersTest"/>
  <testcase name="resetFiltersSelected" time="3.457" classname="com.qa.tests.CustomersFiltersTest"/>
</testsuite> <!-- com.qa.tests.CustomersFiltersTest -->
