<?xml version="1.0" encoding="UTF-8"?>
<!-- Generated by org.testng.reporters.JUnitReportReporter -->
<testsuite skipped="0" hostname="Pravin-PC" name="com.qa.tests.NewCustomerScreenTest" tests="1" failures="0" timestamp="21 Mar 2019 11:46:00 GMT" time="128.303" errors="0">
  <testcase name="customerOperations" time="128.303" classname="com.qa.tests.NewCustomerScreenTest"/>
</testsuite> <!-- com.qa.tests.NewCustomerScreenTest -->
